[   6962]   WARN - tartup.impl.StartupManagerImpl - /home/suresh/codes/Git/TechLearnings/.idea/misc.xml 
java.io.FileNotFoundException: /home/suresh/codes/Git/TechLearnings/.idea/misc.xml
	at com.intellij.openapi.util.io.FileUtil.isFileSystemCaseSensitive(FileUtil.java:1590)
	at com.intellij.ide.startup.impl.StartupManagerImpl.checkFsSanity(StartupManagerImpl.java:252)
	at com.intellij.ide.startup.impl.StartupManagerImpl.runPostStartupActivities(StartupManagerImpl.java:187)
	at com.intellij.openapi.project.impl.ProjectManagerImpl$8$2.run(ProjectManagerImpl.java:496)
	at java.awt.event.InvocationEvent.dispatch(InvocationEvent.java:312)
	at java.awt.EventQueue.dispatchEventImpl(EventQueue.java:738)
	at java.awt.EventQueue.access$300(EventQueue.java:103)
	at java.awt.EventQueue$3.run(EventQueue.java:699)
	at java.awt.EventQueue$3.run(EventQueue.java:697)
	at java.security.AccessController.doPrivileged(Native Method)
	at java.security.ProtectionDomain$1.doIntersectionPrivilege(ProtectionDomain.java:76)
	at java.awt.EventQueue.dispatchEvent(EventQueue.java:708)
	at com.intellij.ide.IdeEventQueue.defaultDispatchEvent(IdeEventQueue.java:734)
	at com.intellij.ide.IdeEventQueue._dispatchEvent(IdeEventQueue.java:569)
	at com.intellij.ide.IdeEventQueue.dispatchEvent(IdeEventQueue.java:382)
	at java.awt.EventDispatchThread.pumpOneEventForFilters(EventDispatchThread.java:242)
	at java.awt.EventDispatchThread.pumpEventsForFilter(EventDispatchThread.java:161)
	at java.awt.EventDispatchThread.pumpEventsForHierarchy(EventDispatchThread.java:150)
	at java.awt.EventDispatchThread.pumpEvents(EventDispatchThread.java:146)
	at java.awt.EventDispatchThread.pumpEvents(EventDispatchThread.java:138)
	at java.awt.EventDispatchThread.run(EventDispatchThread.java:91)
